2026-04-08 15:46:28,671 - INFO - Main execution block started.
2026-04-08 15:46:28,672 - INFO - Starting client for ID: 4653525290
2026-04-08 15:46:31,062 - CRITICAL - A critical error occurred in the main execution block: Truncated string.
2026-04-08 15:46:31,063 - INFO - Restarting the entire application in 5 seconds...
2026-04-08 15:46:36,101 - WARNING - Initiating bot restart...
2026-04-08 15:46:38,379 - INFO - Main execution block started.
2026-04-08 15:46:38,380 - INFO - Starting client for ID: 4653525290
2026-04-08 15:46:40,783 - CRITICAL - A critical error occurred in the main execution block: Truncated string.
2026-04-08 15:46:40,784 - INFO - Restarting the entire application in 5 seconds...
2026-04-08 15:46:45,787 - WARNING - Initiating bot restart...
2026-04-08 15:46:48,339 - INFO - Main execution block started.
2026-04-08 15:46:48,341 - INFO - Starting client for ID: 4653525290
2026-04-08 15:46:50,477 - CRITICAL - A critical error occurred in the main execution block: Truncated string.
2026-04-08 15:46:50,477 - INFO - Restarting the entire application in 5 seconds...
2026-04-08 15:46:55,519 - WARNING - Initiating bot restart...
2026-04-08 15:46:57,568 - INFO - Main execution block started.
2026-04-08 15:46:57,570 - INFO - Starting client for ID: 4653525290
2026-04-08 15:47:00,034 - CRITICAL - A critical error occurred in the main execution block: Truncated string.
2026-04-08 15:47:00,035 - INFO - Restarting the entire application in 5 seconds...
2026-04-08 15:47:45,205 - INFO - Main execution block started.
2026-04-08 15:47:45,206 - INFO - Starting client for ID: 4653525290
2026-04-08 15:47:47,520 - CRITICAL - A critical error occurred in the main execution block: Truncated string.
2026-04-08 15:47:47,520 - INFO - Restarting the entire application in 5 seconds...
2026-04-08 15:47:52,561 - WARNING - Initiating bot restart...
2026-04-08 15:47:54,895 - INFO - Main execution block started.
2026-04-08 15:47:54,896 - INFO - Starting client for ID: 4653525290
2026-04-08 15:47:57,190 - CRITICAL - A critical error occurred in the main execution block: Truncated string.
2026-04-08 15:47:57,191 - INFO - Restarting the entire application in 5 seconds...
2026-04-08 15:48:02,233 - WARNING - Initiating bot restart...
2026-04-08 15:48:04,979 - INFO - Main execution block started.
2026-04-08 15:48:04,980 - INFO - Starting client for ID: 4653525290
2026-04-08 15:48:07,266 - CRITICAL - A critical error occurred in the main execution block: Truncated string.
2026-04-08 15:48:07,268 - INFO - Restarting the entire application in 5 seconds...
2026-04-08 15:48:24,370 - INFO - Main execution block started.
2026-04-08 15:48:24,371 - INFO - Starting client for ID: 4653525290
2026-04-08 15:48:26,552 - CRITICAL - A critical error occurred in the main execution block: Truncated string.
2026-04-08 15:48:26,554 - INFO - Restarting the entire application in 5 seconds...
2026-04-08 15:48:31,555 - WARNING - Initiating bot restart...
2026-04-08 15:48:34,086 - INFO - Main execution block started.
2026-04-08 15:48:34,087 - INFO - Starting client for ID: 4653525290
2026-04-08 15:48:36,508 - CRITICAL - A critical error occurred in the main execution block: Truncated string.
2026-04-08 15:48:36,509 - INFO - Restarting the entire application in 5 seconds...
2026-04-08 15:48:41,511 - WARNING - Initiating bot restart...
2026-04-08 15:48:43,861 - INFO - Main execution block started.
2026-04-08 15:48:43,862 - INFO - Starting client for ID: 4653525290
2026-04-08 15:48:45,992 - CRITICAL - A critical error occurred in the main execution block: Truncated string.
2026-04-08 15:48:45,993 - INFO - Restarting the entire application in 5 seconds...
2026-04-08 15:48:50,995 - WARNING - Initiating bot restart...
2026-04-08 15:48:52,901 - INFO - Main execution block started.
2026-04-08 15:48:52,902 - INFO - Starting client for ID: 4653525290
2026-04-08 15:48:55,027 - CRITICAL - A critical error occurred in the main execution block: Truncated string.
2026-04-08 15:48:55,028 - INFO - Restarting the entire application in 5 seconds...
2026-04-08 15:49:00,029 - WARNING - Initiating bot restart...
2026-04-08 15:49:02,208 - INFO - Main execution block started.
2026-04-08 15:49:02,209 - INFO - Starting client for ID: 4653525290
2026-04-08 15:49:04,660 - CRITICAL - A critical error occurred in the main execution block: Truncated string.
2026-04-08 15:49:04,661 - INFO - Restarting the entire application in 5 seconds...
2026-04-08 15:49:09,663 - WARNING - Initiating bot restart...
2026-04-08 15:49:11,850 - INFO - Main execution block started.
2026-04-08 15:49:11,851 - INFO - Starting client for ID: 4653525290
2026-04-08 15:49:14,093 - CRITICAL - A critical error occurred in the main execution block: Truncated string.
2026-04-08 15:49:14,094 - INFO - Restarting the entire application in 5 seconds...
2026-04-08 15:49:19,096 - WARNING - Initiating bot restart...
2026-04-08 15:49:21,572 - INFO - Main execution block started.
2026-04-08 15:49:21,574 - INFO - Starting client for ID: 4653525290
2026-04-08 15:49:23,909 - CRITICAL - A critical error occurred in the main execution block: Truncated string.
2026-04-08 15:49:23,910 - INFO - Restarting the entire application in 5 seconds...
2026-04-08 15:49:28,911 - WARNING - Initiating bot restart...
2026-04-08 15:49:30,783 - INFO - Main execution block started.
2026-04-08 15:49:30,784 - INFO - Starting client for ID: 4653525290
2026-04-08 15:49:33,007 - CRITICAL - A critical error occurred in the main execution block: Truncated string.
2026-04-08 15:49:33,009 - INFO - Restarting the entire application in 5 seconds...
2026-04-08 15:49:38,013 - WARNING - Initiating bot restart...
2026-04-08 15:49:40,432 - INFO - Main execution block started.
2026-04-08 15:49:40,433 - INFO - Starting client for ID: 4653525290
2026-04-08 15:49:42,660 - CRITICAL - A critical error occurred in the main execution block: Truncated string.
2026-04-08 15:49:42,661 - INFO - Restarting the entire application in 5 seconds...
2026-04-08 15:49:47,666 - WARNING - Initiating bot restart...
2026-04-08 15:49:50,071 - INFO - Main execution block started.
2026-04-08 15:49:50,072 - INFO - Starting client for ID: 4653525290
2026-04-08 15:49:52,387 - CRITICAL - A critical error occurred in the main execution block: Truncated string.
2026-04-08 15:49:52,388 - INFO - Restarting the entire application in 5 seconds...
2026-04-08 15:49:57,429 - WARNING - Initiating bot restart...
2026-04-08 15:49:59,978 - INFO - Main execution block started.
2026-04-08 15:49:59,980 - INFO - Starting client for ID: 4653525290
2026-04-08 15:50:02,309 - CRITICAL - A critical error occurred in the main execution block: Truncated string.
2026-04-08 15:50:02,311 - INFO - Restarting the entire application in 5 seconds...
2026-04-08 15:50:07,354 - WARNING - Initiating bot restart...
